C:\Program Files (x86)\Microsoft Visual Studio\2017\Enterprise\Common7\IDE\VC\VCTargets\Microsoft.CppBuild.targets(376,5): warning MSB8004: Intermediate 目錄結尾不是結尾斜線。這個建置執行個體將會加入此斜線，因為這樣才能正確評估 Intermediate 目錄。
C:\Program Files (x86)\Microsoft Visual Studio\2017\Enterprise\Common7\IDE\VC\VCTargets\Microsoft.CppBuild.targets(377,5): warning MSB8004: Output 目錄結尾不是結尾斜線。這個建置執行個體將會加入此斜線，因為這樣才能正確評估 Output 目錄。
  Main.cpp
e:\c_code\ch3_lab1\lab3\lab3\main.cpp(13): warning C4566: 由通用字元名稱 '\u8BF7' 表示的字元，無法在目前的字碼頁中表示 (950)
e:\c_code\ch3_lab1\lab3\lab3\main.cpp(13): warning C4566: 由通用字元名稱 '\u8F93' 表示的字元，無法在目前的字碼頁中表示 (950)
e:\c_code\ch3_lab1\lab3\lab3\main.cpp(16): warning C4566: 由通用字元名稱 '\u8BF7' 表示的字元，無法在目前的字碼頁中表示 (950)
e:\c_code\ch3_lab1\lab3\lab3\main.cpp(16): warning C4566: 由通用字元名稱 '\u95EE' 表示的字元，無法在目前的字碼頁中表示 (950)
e:\c_code\ch3_lab1\lab3\lab3\main.cpp(16): warning C4566: 由通用字元名稱 '\u6570' 表示的字元，無法在目前的字碼頁中表示 (950)
e:\c_code\ch3_lab1\lab3\lab3\main.cpp(16): warning C4566: 由通用字元名稱 '\u8FD8' 表示的字元，無法在目前的字碼頁中表示 (950)
e:\c_code\ch3_lab1\lab3\lab3\main.cpp(16): warning C4566: 由通用字元名稱 '\u9009' 表示的字元，無法在目前的字碼頁中表示 (950)
e:\c_code\ch3_lab1\lab3\lab3\main.cpp(16): warning C4566: 由通用字元名稱 '\u62E9' 表示的字元，無法在目前的字碼頁中表示 (950)
e:\c_code\ch3_lab1\lab3\lab3\main.cpp(17): warning C4473: 'scanf_s' : 傳遞給格式字串的引數不足
  e:\c_code\ch3_lab1\lab3\lab3\main.cpp(17): note: 預留位置及其參數需要 2 個 variadic 引數，但卻提供了 1 個
  e:\c_code\ch3_lab1\lab3\lab3\main.cpp(17): note: 缺少 variadic 引數 2 (其為格式字串 '%c' 所需)
  e:\c_code\ch3_lab1\lab3\lab3\main.cpp(17): note: 此引數可用為緩衝區大小
e:\c_code\ch3_lab1\lab3\lab3\main.cpp(34): warning C4566: 由通用字元名稱 '\u9009' 表示的字元，無法在目前的字碼頁中表示 (950)
e:\c_code\ch3_lab1\lab3\lab3\main.cpp(34): warning C4566: 由通用字元名稱 '\u62E9' 表示的字元，無法在目前的字碼頁中表示 (950)
e:\c_code\ch3_lab1\lab3\lab3\main.cpp(34): warning C4566: 由通用字元名稱 '\u9519' 表示的字元，無法在目前的字碼頁中表示 (950)
e:\c_code\ch3_lab1\lab3\lab3\main.cpp(34): warning C4566: 由通用字元名稱 '\u8BEF' 表示的字元，無法在目前的字碼頁中表示 (950)
e:\c_code\ch3_lab1\lab3\lab3\main.cpp(37): warning C4566: 由通用字元名稱 '\u603B' 表示的字元，無法在目前的字碼頁中表示 (950)
e:\c_code\ch3_lab1\lab3\lab3\main.cpp(37): warning C4566: 由通用字元名稱 '\u4E3A' 表示的字元，無法在目前的字碼頁中表示 (950)
  Lab3.vcxproj -> E:\C_code\Ch3_Lab1\Lab3\Lab3\..\..\temp\debug\Lab3.exe
